c:\users\tandai\desktop\se102.j21.pmcl---vn\game\game ninja gaiden\x64\debug\vc142.pdb
c:\users\tandai\desktop\se102.j21.pmcl---vn\game\game ninja gaiden\x64\debug\vc142.idb
c:\users\tandai\desktop\se102.j21.pmcl---vn\game\game ninja gaiden\x64\debug\main.obj
c:\users\tandai\desktop\se102.j21.pmcl---vn\game\game ninja gaiden\x64\debug\windowgame.obj
c:\users\tandai\desktop\se102.j21.pmcl---vn\game\game ninja gaiden\x64\debug\sprite.obj
c:\users\tandai\desktop\se102.j21.pmcl---vn\game\game ninja gaiden\x64\debug\gameutils.obj
c:\users\tandai\desktop\se102.j21.pmcl---vn\game\game ninja gaiden\x64\debug\gametime.obj
c:\users\tandai\desktop\se102.j21.pmcl---vn\game\game ninja gaiden\x64\debug\gametexture.obj
c:\users\tandai\desktop\se102.j21.pmcl---vn\game\game ninja gaiden\x64\debug\gamedirectx.obj
c:\users\tandai\desktop\se102.j21.pmcl---vn\game\game ninja gaiden\x64\debug\gameconfiguration.obj
c:\users\tandai\desktop\se102.j21.pmcl---vn\game\game ninja gaiden\x64\debug\game.obj
c:\users\tandai\desktop\se102.j21.pmcl---vn\game\game ninja gaiden\x64\debug\animation.obj
c:\users\tandai\desktop\se102.j21.pmcl---vn\game\game ninja gaiden\x64\debug\rect.obj
c:\users\tandai\desktop\se102.j21.pmcl---vn\game\game ninja gaiden\x64\debug\movablerect.obj
c:\users\tandai\desktop\se102.j21.pmcl---vn\game\game ninja gaiden\x64\debug\key.obj
c:\users\tandai\desktop\se102.j21.pmcl---vn\game\game ninja gaiden\x64\debug\camera.obj
c:\users\tandai\desktop\se102.j21.pmcl---vn\game\x64\debug\game ninja gaiden.exe
c:\users\tandai\desktop\se102.j21.pmcl---vn\game\x64\debug\game ninja gaiden.ilk
c:\users\tandai\desktop\se102.j21.pmcl---vn\game\x64\debug\game ninja gaiden.pdb
c:\users\tandai\desktop\se102.j21.pmcl---vn\game\game ninja gaiden\x64\debug\winmain.obj
c:\users\tandai\desktop\se102.j21.pmcl---vn\game\game ninja gaiden\x64\debug\game nin.2c205c1c.tlog\cl.command.1.tlog
c:\users\tandai\desktop\se102.j21.pmcl---vn\game\game ninja gaiden\x64\debug\game nin.2c205c1c.tlog\cl.read.1.tlog
c:\users\tandai\desktop\se102.j21.pmcl---vn\game\game ninja gaiden\x64\debug\game nin.2c205c1c.tlog\cl.write.1.tlog
c:\users\tandai\desktop\se102.j21.pmcl---vn\game\game ninja gaiden\x64\debug\game nin.2c205c1c.tlog\link.command.1.tlog
c:\users\tandai\desktop\se102.j21.pmcl---vn\game\game ninja gaiden\x64\debug\game nin.2c205c1c.tlog\link.read.1.tlog
c:\users\tandai\desktop\se102.j21.pmcl---vn\game\game ninja gaiden\x64\debug\game nin.2c205c1c.tlog\link.write.1.tlog
